SonarQube plugins:
  - C++ (Community) 2.0.5.2867 (cxx)
  - Python Code Quality and Security 3.4.1.8066 (python)
  - CSS Code Quality and Security 1.4.2.2002 (cssfamily)
  - Go Code Quality and Security 1.8.3.2219 (go)
  - JaCoCo 1.1.1.1157 (jacoco)
  - Kotlin Code Quality and Security 1.8.3.2219 (kotlin)
  - JavaScript/TypeScript Code Quality and Security 7.4.4.15624 (javascript)
  - Ruby Code Quality and Security 1.8.3.2219 (ruby)
  - Scala Code Quality and Security 1.8.3.2219 (sonarscala)
  - C# Code Quality and Security 8.22.0.31243 (csharp)
  - Java Code Quality and Security 6.15.1.26025 (java)
  - HTML Code Quality and Security 3.4.0.2754 (web)
  - Flex Code Quality and Security 2.6.1.2564 (flex)
  - XML Code Quality and Security 2.2.0.2973 (xml)
  - PHP Code Quality and Security 3.17.0.7439 (php)
  - VB.NET Code Quality and Security 8.22.0.31243 (vbnet)
Global server settings:
  - sonar.core.id=BF41A1F2-AXvMCSfdu96_k1TZvgCF
  - sonar.core.startTime=2021-09-09T21:31:19+0200
  - sonar.forceAuthentication=true
Project server settings:
Project scanner properties:
  - sonar.cxx.compiler.charset=UTF-8
  - sonar.cxx.compiler.parser=GCC
  - sonar.cxx.compiler.reportPath=*.log
  - sonar.host.url=http://localhost:9000
  - sonar.language=c++
  - sonar.login=******
  - sonar.password=******
  - sonar.projectBaseDir=D:\master\DesarrolloDeSoftwareSeguro\PracticasDePrueba\PracticaDSS
  - sonar.projectKey=PracticaDSS
  - sonar.projectName=PracticaDSS
  - sonar.projectVersion=1.0
  - sonar.scanner.app=ScannerCLI
  - sonar.scanner.appVersion=4.6.2.2472
  - sonar.scm.disabled=true
  - sonar.sourceEncoding=UTF-8
  - sonar.sources=.
  - sonar.verbose=true
  - sonar.working.directory=D:\master\DesarrolloDeSoftwareSeguro\PracticasDePrueba\PracticaDSS\.scannerwork
